Exception ignored in: <function ObjectPipe.__del__ at 0x7fb5ea89ff40>
Traceback (most recent call last):
  File "/usr/lib/python3/dist-packages/scapy/automaton.py", line 242, in __del__
    self.close()
  File "/usr/lib/python3/dist-packages/scapy/automaton.py", line 237, in close
    os.close(self.rd)
AttributeError: 'ObjectPipe' object has no attribute 'rd'
Exception ignored in: <function ObjectPipe.__del__ at 0x7fb5ea89ff40>
Traceback (most recent call last):
  File "/usr/lib/python3/dist-packages/scapy/automaton.py", line 242, in __del__
  File "/usr/lib/python3/dist-packages/scapy/automaton.py", line 237, in close
AttributeError: 'ObjectPipe' object has no attribute 'rd'
Exception ignored in: <function ObjectPipe.__del__ at 0x7fb5ea89ff40>
Traceback (most recent call last):
  File "/usr/lib/python3/dist-packages/scapy/automaton.py", line 242, in __del__
    self.close()
  File "/usr/lib/python3/dist-packages/scapy/automaton.py", line 237, in close
    os.close(self.rd)
AttributeError: 'ObjectPipe' object has no attribute 'rd'
Exception ignored in: <function ObjectPipe.__del__ at 0x7fb5ea89ff40>
Traceback (most recent call last):
  File "/usr/lib/python3/dist-packages/scapy/automaton.py", line 242, in __del__
  File "/usr/lib/python3/dist-packages/scapy/automaton.py", line 237, in close
AttributeError: 'ObjectPipe' object has no attribute 'rd'
Exception ignored in: <function ObjectPipe.__del__ at 0x7fb5ea89ff40>
Traceback (most recent call last):
  File "/usr/lib/python3/dist-packages/scapy/automaton.py", line 242, in __del__
    self.close()
  File "/usr/lib/python3/dist-packages/scapy/automaton.py", line 237, in close
    os.close(self.rd)
AttributeError: 'ObjectPipe' object has no attribute 'rd'
Exception ignored in: <function ObjectPipe.__del__ at 0x7fb5ea89ff40>
Traceback (most recent call last):
  File "/usr/lib/python3/dist-packages/scapy/automaton.py", line 242, in __del__
  File "/usr/lib/python3/dist-packages/scapy/automaton.py", line 237, in close
AttributeError: 'ObjectPipe' object has no attribute 'rd'
Exception ignored in: <function ObjectPipe.__del__ at 0x7fb5ea89ff40>
Traceback (most recent call last):
  File "/usr/lib/python3/dist-packages/scapy/automaton.py", line 242, in __del__
    self.close()
  File "/usr/lib/python3/dist-packages/scapy/automaton.py", line 237, in close
    os.close(self.rd)
AttributeError: 'ObjectPipe' object has no attribute 'rd'
Exception ignored in: <function ObjectPipe.__del__ at 0x7fb5ea89ff40>
Traceback (most recent call last):
  File "/usr/lib/python3/dist-packages/scapy/automaton.py", line 242, in __del__
  File "/usr/lib/python3/dist-packages/scapy/automaton.py", line 237, in close
AttributeError: 'ObjectPipe' object has no attribute 'rd'
Exception ignored in: <function ObjectPipe.__del__ at 0x7fb5ea89ff40>
Traceback (most recent call last):
  File "/usr/lib/python3/dist-packages/scapy/automaton.py", line 242, in __del__
    self.close()
  File "/usr/lib/python3/dist-packages/scapy/automaton.py", line 237, in close
    os.close(self.rd)
AttributeError: 'ObjectPipe' object has no attribute 'rd'
Exception ignored in: <function ObjectPipe.__del__ at 0x7fb5ea89ff40>
Traceback (most recent call last):
  File "/usr/lib/python3/dist-packages/scapy/automaton.py", line 242, in __del__
  File "/usr/lib/python3/dist-packages/scapy/automaton.py", line 237, in close
AttributeError: 'ObjectPipe' object has no attribute 'rd'
Exception ignored in: <function ObjectPipe.__del__ at 0x7fb5ea89ff40>
Traceback (most recent call last):
  File "/usr/lib/python3/dist-packages/scapy/automaton.py", line 242, in __del__
    self.close()
  File "/usr/lib/python3/dist-packages/scapy/automaton.py", line 237, in close
    os.close(self.rd)
AttributeError: 'ObjectPipe' object has no attribute 'rd'
Exception ignored in: <function ObjectPipe.__del__ at 0x7fb5ea89ff40>
Traceback (most recent call last):
  File "/usr/lib/python3/dist-packages/scapy/automaton.py", line 242, in __del__
  File "/usr/lib/python3/dist-packages/scapy/automaton.py", line 237, in close
AttributeError: 'ObjectPipe' object has no attribute 'rd'
Exception ignored in: <function ObjectPipe.__del__ at 0x7fb5ea89ff40>
Traceback (most recent call last):
  File "/usr/lib/python3/dist-packages/scapy/automaton.py", line 242, in __del__
    self.close()
  File "/usr/lib/python3/dist-packages/scapy/automaton.py", line 237, in close
    os.close(self.rd)
AttributeError: 'ObjectPipe' object has no attribute 'rd'
Exception ignored in: <function ObjectPipe.__del__ at 0x7fb5ea89ff40>
Traceback (most recent call last):
  File "/usr/lib/python3/dist-packages/scapy/automaton.py", line 242, in __del__
  File "/usr/lib/python3/dist-packages/scapy/automaton.py", line 237, in close
AttributeError: 'ObjectPipe' object has no attribute 'rd'
Exception ignored in: <function ObjectPipe.__del__ at 0x7fb5ea89ff40>
Traceback (most recent call last):
  File "/usr/lib/python3/dist-packages/scapy/automaton.py", line 242, in __del__
    self.close()
  File "/usr/lib/python3/dist-packages/scapy/automaton.py", line 237, in close
    os.close(self.rd)
AttributeError: 'ObjectPipe' object has no attribute 'rd'
Exception ignored in: <function ObjectPipe.__del__ at 0x7fb5ea89ff40>
Traceback (most recent call last):
  File "/usr/lib/python3/dist-packages/scapy/automaton.py", line 242, in __del__
  File "/usr/lib/python3/dist-packages/scapy/automaton.py", line 237, in close
AttributeError: 'ObjectPipe' object has no attribute 'rd'
